<?xml version="1.0" encoding="UTF-8"?>
<!-- Generated by org.testng.reporters.JUnitXMLReporter -->
<testsuite ignored="0" hostname="LAPTOP-KE5HNIIP" failures="0" tests="3" name="Test" time="52.33" errors="0" timestamp="2021-12-23T22:06:26 IST">
  <testcase classname="scripts.Demo" name="testA" time="1.554"/>
  <testcase classname="scripts.InvalidLogin" name="testInvalidLogin" time="2.315"/>
  <testcase classname="scripts.ValidLogin" name="testValidLogin" time="8.787"/>
</testsuite> <!-- Test -->
