<?xml version="1.0" encoding="UTF-8"?>
<!-- Generated by org.testng.reporters.JUnitXMLReporter -->
<testsuite ignored="2" hostname="LAPTOP-KE5HNIIP" failures="1" tests="2" name="TestGC" time="96.542" errors="0" timestamp="2021-12-27T09:13:11 IST">
  <testcase classname="scripts.InvalidLogin" name="testInvalidLogin" time="3.727"/>
  <testcase classname="scripts.ValidLogin" name="testValidLogin" time="20.428">
    <failure type="java.lang.AssertionError">
      <![CDATA[java.lang.AssertionError: 
at scripts.ValidLogin.testValidLogin(ValidLogin.java:49)
at java.base/java.util.ArrayList.forEach(ArrayList.java:1511)
... Removed 28 stack frames]]>
    </failure>
  </testcase> <!-- testValidLogin -->
  <testcase classname="generic.BaseTest" name="@BeforeSuite initReport" time="0.0">
    <ignored/>
  </testcase> <!-- @BeforeSuite initReport -->
  <testcase classname="generic.BaseTest" name="@AfterSuite endReport" time="0.0">
    <ignored/>
  </testcase> <!-- @AfterSuite endReport -->
</testsuite> <!-- TestGC -->
