<?xml version="1.0" encoding="UTF-8"?>
<testng-results ignored="0" total="1" passed="1" failed="0" skipped="0">
  <reporter-output>
    <line>
      <![CDATA[Setting ETO:8]]>
    </line>
    <line>
      <![CDATA[XL Data:admin]]>
    </line>
    <line>
      <![CDATA[Demo test]]>
    </line>
    <line>
      <![CDATA[Closing the Browser]]>
    </line>
  </reporter-output>
  <suite started-at="2021-12-23T08:00:40 IST" name="Suite" finished-at="2021-12-23T08:00:50 IST" duration-ms="9864">
    <groups>
    </groups>
    <test started-at="2021-12-23T08:00:40 IST" name="Test" finished-at="2021-12-23T08:00:50 IST" duration-ms="9864">
      <class name="scripts.Demo">
        <test-method is-config="true" signature="openApp()[pri:0, instance:scripts.Demo@389adf1d]" started-at="2021-12-23T08:00:40 IST" name="openApp" finished-at="2021-12-23T08:00:47 IST" duration-ms="7104" status="PASS">
          <reporter-output>
            <line>
              <![CDATA[Setting ETO:8]]>
            </line>
          </reporter-output>
        </test-method> <!-- openApp -->
        <test-method signature="testA()[pri:0, instance:scripts.Demo@389adf1d]" started-at="2021-12-23T08:00:47 IST" name="testA" finished-at="2021-12-23T08:00:49 IST" duration-ms="1887" status="PASS">
          <reporter-output>
            <line>
              <![CDATA[XL Data:admin]]>
            </line>
            <line>
              <![CDATA[Demo test]]>
            </line>
          </reporter-output>
        </test-method> <!-- testA -->
        <test-method is-config="true" signature="closeApp()[pri:0, instance:scripts.Demo@389adf1d]" started-at="2021-12-23T08:00:49 IST" name="closeApp" finished-at="2021-12-23T08:00:50 IST" duration-ms="780" status="PASS">
          <reporter-output>
            <line>
              <![CDATA[Closing the Browser]]>
            </line>
          </reporter-output>
        </test-method> <!-- closeApp -->
      </class> <!-- scripts.Demo -->
    </test> <!-- Test -->
  </suite> <!-- Suite -->
</testng-results>
