<?xml version="1.0" encoding="UTF-8"?>
<testng-results ignored="0" total="2" passed="2" failed="0" skipped="0">
  <reporter-output>
    <line>
      <![CDATA[Setting ETO:8]]>
    </line>
    <line>
      <![CDATA[Setting ITO:10]]>
    </line>
    <line>
      <![CDATA[URL:https://demo.actitime.com/login.do]]>
    </line>
    <line>
      <![CDATA[Closing the Browser]]>
    </line>
    <line>
      <![CDATA[Setting ETO:8]]>
    </line>
    <line>
      <![CDATA[Setting ITO:10]]>
    </line>
    <line>
      <![CDATA[URL:https://demo.actitime.com/login.do]]>
    </line>
    <line>
      <![CDATA[Closing the Browser]]>
    </line>
  </reporter-output>
  <suite started-at="2021-12-24T08:02:49 IST" name="Suite" finished-at="2021-12-24T08:03:18 IST" duration-ms="28792">
    <groups>
      <group name="smoke">
        <method signature="ValidLogin.testValidLogin()[pri:1, instance:scripts.ValidLogin@158a3b2e]" name="testValidLogin" class="scripts.ValidLogin"/>
      </group> <!-- smoke -->
      <group name="login">
        <method signature="InvalidLogin.testInvalidLogin()[pri:2, instance:scripts.InvalidLogin@626c44e7]" name="testInvalidLogin" class="scripts.InvalidLogin"/>
        <method signature="ValidLogin.testValidLogin()[pri:1, instance:scripts.ValidLogin@158a3b2e]" name="testValidLogin" class="scripts.ValidLogin"/>
      </group> <!-- login -->
    </groups>
    <test started-at="2021-12-24T08:02:49 IST" name="Test" finished-at="2021-12-24T08:03:18 IST" duration-ms="28792">
      <class name="scripts.InvalidLogin">
        <test-method is-config="true" signature="openApp()[pri:0, instance:scripts.InvalidLogin@626c44e7]" started-at="2021-12-24T08:02:49 IST" name="openApp" finished-at="2021-12-24T08:03:00 IST" duration-ms="10499" status="PASS">
          <reporter-output>
            <line>
              <![CDATA[Setting ETO:8]]>
            </line>
            <line>
              <![CDATA[Setting ITO:10]]>
            </line>
            <line>
              <![CDATA[URL:https://demo.actitime.com/login.do]]>
            </line>
          </reporter-output>
        </test-method> <!-- openApp -->
        <test-method signature="testInvalidLogin()[pri:2, instance:scripts.InvalidLogin@626c44e7]" started-at="2021-12-24T08:03:00 IST" name="testInvalidLogin" finished-at="2021-12-24T08:03:03 IST" duration-ms="3436" status="PASS">
          <reporter-output>
          </reporter-output>
        </test-method> <!-- testInvalidLogin -->
        <test-method is-config="true" signature="closeApp()[pri:0, instance:scripts.InvalidLogin@626c44e7]" started-at="2021-12-24T08:03:03 IST" name="closeApp" finished-at="2021-12-24T08:03:04 IST" duration-ms="480" status="PASS">
          <reporter-output>
            <line>
              <![CDATA[Closing the Browser]]>
            </line>
          </reporter-output>
        </test-method> <!-- closeApp -->
      </class> <!-- scripts.InvalidLogin -->
      <class name="scripts.ValidLogin">
        <test-method is-config="true" signature="openApp()[pri:0, instance:scripts.ValidLogin@158a3b2e]" started-at="2021-12-24T08:03:04 IST" name="openApp" finished-at="2021-12-24T08:03:12 IST" duration-ms="8945" status="PASS">
          <reporter-output>
            <line>
              <![CDATA[Setting ETO:8]]>
            </line>
            <line>
              <![CDATA[Setting ITO:10]]>
            </line>
            <line>
              <![CDATA[URL:https://demo.actitime.com/login.do]]>
            </line>
          </reporter-output>
        </test-method> <!-- openApp -->
        <test-method signature="testValidLogin()[pri:1, instance:scripts.ValidLogin@158a3b2e]" started-at="2021-12-24T08:03:12 IST" name="testValidLogin" finished-at="2021-12-24T08:03:17 IST" duration-ms="4866" status="PASS">
          <reporter-output>
          </reporter-output>
        </test-method> <!-- testValidLogin -->
        <test-method is-config="true" signature="closeApp()[pri:0, instance:scripts.ValidLogin@158a3b2e]" started-at="2021-12-24T08:03:17 IST" name="closeApp" finished-at="2021-12-24T08:03:18 IST" duration-ms="504" status="PASS">
          <reporter-output>
            <line>
              <![CDATA[Closing the Browser]]>
            </line>
          </reporter-output>
        </test-method> <!-- closeApp -->
      </class> <!-- scripts.ValidLogin -->
    </test> <!-- Test -->
  </suite> <!-- Suite -->
</testng-results>
