<?xml version="1.0" encoding="UTF-8"?>
<testng-results ignored="0" total="1" passed="1" failed="0" skipped="0">
  <reporter-output>
    <line>
      <![CDATA[Setting ETO:8]]>
    </line>
    <line>
      <![CDATA[Setting ITO:10]]>
    </line>
    <line>
      <![CDATA[URL:https://demo.actitime.com/login.do]]>
    </line>
    <line>
      <![CDATA[Closing the Browser]]>
    </line>
  </reporter-output>
  <suite started-at="2021-12-24T08:19:22 IST" name="Default suite" finished-at="2021-12-24T08:19:40 IST" duration-ms="17803">
    <groups>
      <group name="login">
        <method signature="InvalidLogin.testInvalidLogin()[pri:2, instance:scripts.InvalidLogin@784c3487]" name="testInvalidLogin" class="scripts.InvalidLogin"/>
      </group> <!-- login -->
    </groups>
    <test started-at="2021-12-24T08:19:22 IST" name="Default test" finished-at="2021-12-24T08:19:40 IST" duration-ms="17803">
      <class name="scripts.InvalidLogin">
        <test-method is-config="true" signature="openApp()[pri:0, instance:scripts.InvalidLogin@784c3487]" started-at="2021-12-24T08:19:22 IST" name="openApp" finished-at="2021-12-24T08:19:35 IST" duration-ms="12231" status="PASS">
          <reporter-output>
            <line>
              <![CDATA[Setting ETO:8]]>
            </line>
            <line>
              <![CDATA[Setting ITO:10]]>
            </line>
            <line>
              <![CDATA[URL:https://demo.actitime.com/login.do]]>
            </line>
          </reporter-output>
        </test-method> <!-- openApp -->
        <test-method signature="testInvalidLogin()[pri:2, instance:scripts.InvalidLogin@784c3487]" started-at="2021-12-24T08:19:35 IST" name="testInvalidLogin" finished-at="2021-12-24T08:19:40 IST" duration-ms="4821" status="PASS">
          <reporter-output>
          </reporter-output>
        </test-method> <!-- testInvalidLogin -->
        <test-method is-config="true" signature="closeApp()[pri:0, instance:scripts.InvalidLogin@784c3487]" started-at="2021-12-24T08:19:40 IST" name="closeApp" finished-at="2021-12-24T08:19:40 IST" duration-ms="659" status="PASS">
          <reporter-output>
            <line>
              <![CDATA[Closing the Browser]]>
            </line>
          </reporter-output>
        </test-method> <!-- closeApp -->
      </class> <!-- scripts.InvalidLogin -->
    </test> <!-- Default test -->
  </suite> <!-- Default suite -->
</testng-results>
